[uWSGI] getting INI configuration from /dataspace/study/PythonPro/testFlask/conf/config.ini
[uWSGI] getting INI configuration from /dataspace/study/PythonPro/testFlask/conf/config.ini
[uWSGI] getting INI configuration from /dataspace/study/PythonPro/testFlask/conf/config.ini
[uWSGI] getting INI configuration from /dataspace/study/PythonPro/testFlask/conf/config.ini
[uWSGI] getting INI configuration from /dataspace/study/PythonPro/testFlask/conf/config.ini
[uWSGI] getting INI configuration from /dataspace/study/PythonPro/testFlask/conf/config.ini
[uWSGI] getting INI configuration from /dataspace/study/PythonPro/testFlask/conf/config.ini
[uWSGI] getting INI configuration from /dataspace/study/PythonPro/testFlask/conf/config.ini
[uWSGI] getting INI configuration from /dataspace/study/PythonPro/testFlask/conf/config.ini
[uWSGI] getting INI configuration from /dataspace/study/PythonPro/testFlask/conf/config.ini
[uWSGI] getting INI configuration from /dataspace/study/PythonPro/testFlask/conf/config.ini
[uWSGI] getting INI configuration from /dataspace/study/PythonPro/testFlask/conf/config.ini
[uWSGI] getting INI configuration from /dataspace/study/PythonPro/testFlask/conf/config.ini
*** Starting uWSGI 2.0.15 (64bit) on [Sat Sep 30 12:36:32 2017] ***
compiled with version: 4.8.5 on 29 September 2017 16:59:14
os: Linux-4.4.0-96-generic #119~14.04.1-Ubuntu SMP Wed Sep 13 08:40:48 UTC 2017
nodename: wuh
machine: x86_64
clock source: unix
detected number of CPU cores: 4
current working directory: /dataspace/study/PythonPro/testFlask/app
detected binary path: /dataspace/study/PythonPro/testFlask/venv/bin/uwsgi
!!! no internal routing support, rebuild with pcre support !!!
chdir() to /dataspace/study/PythonPro/testFlask/app
*** WARNING: you are running uWSGI without its master process manager ***
your processes number limit is 63767
your memory page size is 4096 bytes
detected max file descriptor number: 1024
lock engine: pthread robust mutexes
thunder lock: disabled (you can enable it with --thunder-lock)
probably another instance of uWSGI is running on the same address (127.0.0.1:5000).
bind(): Address already in use [core/socket.c line 769]
[uWSGI] getting INI configuration from /dataspace/study/PythonPro/testFlask/conf/config.ini
*** Starting uWSGI 2.0.15 (64bit) on [Sat Sep 30 12:36:33 2017] ***
compiled with version: 4.8.5 on 29 September 2017 16:59:14
os: Linux-4.4.0-96-generic #119~14.04.1-Ubuntu SMP Wed Sep 13 08:40:48 UTC 2017
nodename: wuh
machine: x86_64
clock source: unix
detected number of CPU cores: 4
current working directory: /dataspace/study/PythonPro/testFlask/app
detected binary path: /dataspace/study/PythonPro/testFlask/venv/bin/uwsgi
!!! no internal routing support, rebuild with pcre support !!!
chdir() to /dataspace/study/PythonPro/testFlask/app
*** WARNING: you are running uWSGI without its master process manager ***
your processes number limit is 63767
your memory page size is 4096 bytes
detected max file descriptor number: 1024
lock engine: pthread robust mutexes
thunder lock: disabled (you can enable it with --thunder-lock)
probably another instance of uWSGI is running on the same address (127.0.0.1:5000).
bind(): Address already in use [core/socket.c line 769]
[uWSGI] getting INI configuration from /dataspace/study/PythonPro/testFlask/conf/config.ini
*** Starting uWSGI 2.0.15 (64bit) on [Sat Sep 30 12:36:35 2017] ***
compiled with version: 4.8.5 on 29 September 2017 16:59:14
os: Linux-4.4.0-96-generic #119~14.04.1-Ubuntu SMP Wed Sep 13 08:40:48 UTC 2017
nodename: wuh
machine: x86_64
clock source: unix
detected number of CPU cores: 4
current working directory: /dataspace/study/PythonPro/testFlask/app
detected binary path: /dataspace/study/PythonPro/testFlask/venv/bin/uwsgi
!!! no internal routing support, rebuild with pcre support !!!
chdir() to /dataspace/study/PythonPro/testFlask/app
*** WARNING: you are running uWSGI without its master process manager ***
your processes number limit is 63767
your memory page size is 4096 bytes
detected max file descriptor number: 1024
lock engine: pthread robust mutexes
thunder lock: disabled (you can enable it with --thunder-lock)
probably another instance of uWSGI is running on the same address (127.0.0.1:5000).
bind(): Address already in use [core/socket.c line 769]
[uWSGI] getting INI configuration from /dataspace/study/PythonPro/testFlask/conf/config.ini
*** Starting uWSGI 2.0.15 (64bit) on [Sat Sep 30 12:36:38 2017] ***
compiled with version: 4.8.5 on 29 September 2017 16:59:14
os: Linux-4.4.0-96-generic #119~14.04.1-Ubuntu SMP Wed Sep 13 08:40:48 UTC 2017
nodename: wuh
machine: x86_64
clock source: unix
detected number of CPU cores: 4
current working directory: /dataspace/study/PythonPro/testFlask/app
detected binary path: /dataspace/study/PythonPro/testFlask/venv/bin/uwsgi
!!! no internal routing support, rebuild with pcre support !!!
chdir() to /dataspace/study/PythonPro/testFlask/app
*** WARNING: you are running uWSGI without its master process manager ***
your processes number limit is 63767
your memory page size is 4096 bytes
detected max file descriptor number: 1024
lock engine: pthread robust mutexes
thunder lock: disabled (you can enable it with --thunder-lock)
probably another instance of uWSGI is running on the same address (127.0.0.1:5000).
bind(): Address already in use [core/socket.c line 769]
[uWSGI] getting INI configuration from /dataspace/study/PythonPro/testFlask/conf/config.ini
*** Starting uWSGI 2.0.15 (64bit) on [Sat Sep 30 12:46:35 2017] ***
compiled with version: 4.8.5 on 29 September 2017 16:59:14
os: Linux-4.4.0-96-generic #119~14.04.1-Ubuntu SMP Wed Sep 13 08:40:48 UTC 2017
nodename: wuh
machine: x86_64
clock source: unix
detected number of CPU cores: 4
current working directory: /dataspace/study/PythonPro/testFlask/app
detected binary path: /dataspace/study/PythonPro/testFlask/venv/bin/uwsgi
!!! no internal routing support, rebuild with pcre support !!!
chdir() to /dataspace/study/PythonPro/testFlask/app
*** WARNING: you are running uWSGI without its master process manager ***
your processes number limit is 63767
your memory page size is 4096 bytes
detected max file descriptor number: 1024
lock engine: pthread robust mutexes
thunder lock: disabled (you can enable it with --thunder-lock)
probably another instance of uWSGI is running on the same address (127.0.0.1:5000).
bind(): Address already in use [core/socket.c line 769]
[uWSGI] getting INI configuration from /dataspace/study/PythonPro/testFlask/conf/config.ini
*** Starting uWSGI 2.0.15 (64bit) on [Sat Sep 30 12:46:36 2017] ***
compiled with version: 4.8.5 on 29 September 2017 16:59:14
os: Linux-4.4.0-96-generic #119~14.04.1-Ubuntu SMP Wed Sep 13 08:40:48 UTC 2017
nodename: wuh
machine: x86_64
clock source: unix
detected number of CPU cores: 4
current working directory: /dataspace/study/PythonPro/testFlask/app
detected binary path: /dataspace/study/PythonPro/testFlask/venv/bin/uwsgi
!!! no internal routing support, rebuild with pcre support !!!
chdir() to /dataspace/study/PythonPro/testFlask/app
*** WARNING: you are running uWSGI without its master process manager ***
your processes number limit is 63767
your memory page size is 4096 bytes
detected max file descriptor number: 1024
lock engine: pthread robust mutexes
thunder lock: disabled (you can enable it with --thunder-lock)
probably another instance of uWSGI is running on the same address (127.0.0.1:5000).
bind(): Address already in use [core/socket.c line 769]
[uWSGI] getting INI configuration from /dataspace/study/PythonPro/testFlask/conf/config.ini
*** Starting uWSGI 2.0.15 (64bit) on [Sat Sep 30 12:46:38 2017] ***
compiled with version: 4.8.5 on 29 September 2017 16:59:14
os: Linux-4.4.0-96-generic #119~14.04.1-Ubuntu SMP Wed Sep 13 08:40:48 UTC 2017
nodename: wuh
machine: x86_64
clock source: unix
detected number of CPU cores: 4
current working directory: /dataspace/study/PythonPro/testFlask/app
detected binary path: /dataspace/study/PythonPro/testFlask/venv/bin/uwsgi
!!! no internal routing support, rebuild with pcre support !!!
chdir() to /dataspace/study/PythonPro/testFlask/app
*** WARNING: you are running uWSGI without its master process manager ***
your processes number limit is 63767
your memory page size is 4096 bytes
detected max file descriptor number: 1024
lock engine: pthread robust mutexes
thunder lock: disabled (you can enable it with --thunder-lock)
probably another instance of uWSGI is running on the same address (127.0.0.1:5000).
bind(): Address already in use [core/socket.c line 769]
[uWSGI] getting INI configuration from /dataspace/study/PythonPro/testFlask/conf/config.ini
*** Starting uWSGI 2.0.15 (64bit) on [Sat Sep 30 12:46:41 2017] ***
compiled with version: 4.8.5 on 29 September 2017 16:59:14
os: Linux-4.4.0-96-generic #119~14.04.1-Ubuntu SMP Wed Sep 13 08:40:48 UTC 2017
nodename: wuh
machine: x86_64
clock source: unix
detected number of CPU cores: 4
current working directory: /dataspace/study/PythonPro/testFlask/app
detected binary path: /dataspace/study/PythonPro/testFlask/venv/bin/uwsgi
!!! no internal routing support, rebuild with pcre support !!!
chdir() to /dataspace/study/PythonPro/testFlask/app
*** WARNING: you are running uWSGI without its master process manager ***
your processes number limit is 63767
your memory page size is 4096 bytes
detected max file descriptor number: 1024
lock engine: pthread robust mutexes
thunder lock: disabled (you can enable it with --thunder-lock)
probably another instance of uWSGI is running on the same address (127.0.0.1:5000).
bind(): Address already in use [core/socket.c line 769]
[uWSGI] getting INI configuration from /dataspace/study/PythonPro/testFlask/conf/config.ini
*** Starting uWSGI 2.0.15 (64bit) on [Sat Sep 30 12:49:23 2017] ***
compiled with version: 4.8.5 on 29 September 2017 16:59:14
os: Linux-4.4.0-96-generic #119~14.04.1-Ubuntu SMP Wed Sep 13 08:40:48 UTC 2017
nodename: wuh
machine: x86_64
clock source: unix
detected number of CPU cores: 4
current working directory: /dataspace/study/PythonPro/testFlask/app
detected binary path: /dataspace/study/PythonPro/testFlask/venv/bin/uwsgi
!!! no internal routing support, rebuild with pcre support !!!
chdir() to /dataspace/study/PythonPro/testFlask/app
*** WARNING: you are running uWSGI without its master process manager ***
your processes number limit is 63767
your memory page size is 4096 bytes
detected max file descriptor number: 1024
lock engine: pthread robust mutexes
thunder lock: disabled (you can enable it with --thunder-lock)
probably another instance of uWSGI is running on the same address (127.0.0.1:5000).
bind(): Address already in use [core/socket.c line 769]
[uWSGI] getting INI configuration from /dataspace/study/PythonPro/testFlask/conf/config.ini
*** Starting uWSGI 2.0.15 (64bit) on [Sat Sep 30 12:49:24 2017] ***
compiled with version: 4.8.5 on 29 September 2017 16:59:14
os: Linux-4.4.0-96-generic #119~14.04.1-Ubuntu SMP Wed Sep 13 08:40:48 UTC 2017
nodename: wuh
machine: x86_64
clock source: unix
detected number of CPU cores: 4
current working directory: /dataspace/study/PythonPro/testFlask/app
detected binary path: /dataspace/study/PythonPro/testFlask/venv/bin/uwsgi
!!! no internal routing support, rebuild with pcre support !!!
chdir() to /dataspace/study/PythonPro/testFlask/app
*** WARNING: you are running uWSGI without its master process manager ***
your processes number limit is 63767
your memory page size is 4096 bytes
detected max file descriptor number: 1024
lock engine: pthread robust mutexes
thunder lock: disabled (you can enable it with --thunder-lock)
probably another instance of uWSGI is running on the same address (127.0.0.1:5000).
bind(): Address already in use [core/socket.c line 769]
[uWSGI] getting INI configuration from /dataspace/study/PythonPro/testFlask/conf/config.ini
*** Starting uWSGI 2.0.15 (64bit) on [Sat Sep 30 12:49:26 2017] ***
compiled with version: 4.8.5 on 29 September 2017 16:59:14
os: Linux-4.4.0-96-generic #119~14.04.1-Ubuntu SMP Wed Sep 13 08:40:48 UTC 2017
nodename: wuh
machine: x86_64
clock source: unix
detected number of CPU cores: 4
current working directory: /dataspace/study/PythonPro/testFlask/app
detected binary path: /dataspace/study/PythonPro/testFlask/venv/bin/uwsgi
!!! no internal routing support, rebuild with pcre support !!!
chdir() to /dataspace/study/PythonPro/testFlask/app
*** WARNING: you are running uWSGI without its master process manager ***
your processes number limit is 63767
your memory page size is 4096 bytes
detected max file descriptor number: 1024
lock engine: pthread robust mutexes
thunder lock: disabled (you can enable it with --thunder-lock)
probably another instance of uWSGI is running on the same address (127.0.0.1:5000).
bind(): Address already in use [core/socket.c line 769]
[uWSGI] getting INI configuration from /dataspace/study/PythonPro/testFlask/conf/config.ini
*** Starting uWSGI 2.0.15 (64bit) on [Sat Sep 30 12:49:29 2017] ***
compiled with version: 4.8.5 on 29 September 2017 16:59:14
os: Linux-4.4.0-96-generic #119~14.04.1-Ubuntu SMP Wed Sep 13 08:40:48 UTC 2017
nodename: wuh
machine: x86_64
clock source: unix
detected number of CPU cores: 4
current working directory: /dataspace/study/PythonPro/testFlask/app
detected binary path: /dataspace/study/PythonPro/testFlask/venv/bin/uwsgi
!!! no internal routing support, rebuild with pcre support !!!
chdir() to /dataspace/study/PythonPro/testFlask/app
*** WARNING: you are running uWSGI without its master process manager ***
your processes number limit is 63767
your memory page size is 4096 bytes
detected max file descriptor number: 1024
lock engine: pthread robust mutexes
thunder lock: disabled (you can enable it with --thunder-lock)
probably another instance of uWSGI is running on the same address (127.0.0.1:5000).
bind(): Address already in use [core/socket.c line 769]
[uWSGI] getting INI configuration from /dataspace/study/PythonPro/testFlask/conf/config.ini
*** Starting uWSGI 2.0.15 (64bit) on [Sat Sep 30 12:53:20 2017] ***
compiled with version: 4.8.5 on 29 September 2017 16:59:14
os: Linux-4.4.0-96-generic #119~14.04.1-Ubuntu SMP Wed Sep 13 08:40:48 UTC 2017
nodename: wuh
machine: x86_64
clock source: unix
detected number of CPU cores: 4
current working directory: /dataspace/study/PythonPro/testFlask/app
detected binary path: /dataspace/study/PythonPro/testFlask/venv/bin/uwsgi
!!! no internal routing support, rebuild with pcre support !!!
chdir() to /dataspace/study/PythonPro/testFlask/app
*** WARNING: you are running uWSGI without its master process manager ***
your processes number limit is 63767
your memory page size is 4096 bytes
detected max file descriptor number: 1024
lock engine: pthread robust mutexes
thunder lock: disabled (you can enable it with --thunder-lock)
uwsgi socket 0 bound to TCP address 127.0.0.1:5000 fd 3
Python version: 3.4.3 (default, Nov 17 2016, 01:12:14)  [GCC 4.8.4]
Python main interpreter initialized at 0xff92d0
python threads support enabled
your server socket listen backlog is limited to 100 connections
your mercy for graceful operations on workers is 60 seconds
mapped 561664 bytes (548 KB) for 8 cores
*** Operational MODE: preforking+threaded ***
__init__ is call
WSGI app 0 (mountpoint='') ready in 0 seconds on interpreter 0xff92d0 pid: 27033 (default app)
*** uWSGI is running in multiple interpreter mode ***
spawned uWSGI worker 1 (pid: 27033, cores: 2)
spawned uWSGI worker 2 (pid: 27035, cores: 2)
spawned uWSGI worker 3 (pid: 27036, cores: 2)
spawned uWSGI worker 4 (pid: 27037, cores: 2)
[uWSGI] getting INI configuration from /dataspace/study/PythonPro/testFlask/conf/config.ini
*** Starting uWSGI 2.0.15 (64bit) on [Sat Sep 30 13:10:29 2017] ***
compiled with version: 4.8.5 on 29 September 2017 16:59:14
os: Linux-4.4.0-96-generic #119~14.04.1-Ubuntu SMP Wed Sep 13 08:40:48 UTC 2017
nodename: wuh
machine: x86_64
clock source: unix
detected number of CPU cores: 4
current working directory: /dataspace/study/PythonPro/testFlask/app
detected binary path: /dataspace/study/PythonPro/testFlask/venv/bin/uwsgi
!!! no internal routing support, rebuild with pcre support !!!
chdir() to /dataspace/study/PythonPro/testFlask/app
*** WARNING: you are running uWSGI without its master process manager ***
your processes number limit is 63767
your memory page size is 4096 bytes
detected max file descriptor number: 1024
lock engine: pthread robust mutexes
thunder lock: disabled (you can enable it with --thunder-lock)
uwsgi socket 0 bound to TCP address 127.0.0.1:5000 fd 3
Python version: 3.4.3 (default, Nov 17 2016, 01:12:14)  [GCC 4.8.4]
Python main interpreter initialized at 0x16572d0
python threads support enabled
your server socket listen backlog is limited to 100 connections
your mercy for graceful operations on workers is 60 seconds
mapped 561664 bytes (548 KB) for 8 cores
*** Operational MODE: preforking+threaded ***
__init__ is call
WSGI app 0 (mountpoint='') ready in 0 seconds on interpreter 0x16572d0 pid: 27252 (default app)
*** uWSGI is running in multiple interpreter mode ***
spawned uWSGI worker 1 (pid: 27252, cores: 2)
spawned uWSGI worker 2 (pid: 27254, cores: 2)
spawned uWSGI worker 3 (pid: 27255, cores: 2)
spawned uWSGI worker 4 (pid: 27256, cores: 2)
[uWSGI] getting INI configuration from /dataspace/study/PythonPro/testFlask/conf/config.ini
*** Starting uWSGI 2.0.15 (64bit) on [Sat Sep 30 13:10:49 2017] ***
compiled with version: 4.8.5 on 29 September 2017 16:59:14
os: Linux-4.4.0-96-generic #119~14.04.1-Ubuntu SMP Wed Sep 13 08:40:48 UTC 2017
nodename: wuh
machine: x86_64
clock source: unix
detected number of CPU cores: 4
current working directory: /dataspace/study/PythonPro/testFlask/app
detected binary path: /dataspace/study/PythonPro/testFlask/venv/bin/uwsgi
!!! no internal routing support, rebuild with pcre support !!!
chdir() to /dataspace/study/PythonPro/testFlask/app
*** WARNING: you are running uWSGI without its master process manager ***
your processes number limit is 63767
your memory page size is 4096 bytes
detected max file descriptor number: 1024
lock engine: pthread robust mutexes
thunder lock: disabled (you can enable it with --thunder-lock)
uwsgi socket 0 bound to TCP address 127.0.0.1:5000 fd 3
Python version: 3.4.3 (default, Nov 17 2016, 01:12:14)  [GCC 4.8.4]
Python main interpreter initialized at 0xc9c2d0
python threads support enabled
your server socket listen backlog is limited to 100 connections
your mercy for graceful operations on workers is 60 seconds
mapped 561664 bytes (548 KB) for 8 cores
*** Operational MODE: preforking+threaded ***
__init__ is call
WSGI app 0 (mountpoint='') ready in 0 seconds on interpreter 0xc9c2d0 pid: 27274 (default app)
*** uWSGI is running in multiple interpreter mode ***
spawned uWSGI worker 1 (pid: 27274, cores: 2)
spawned uWSGI worker 2 (pid: 27276, cores: 2)
spawned uWSGI worker 3 (pid: 27277, cores: 2)
spawned uWSGI worker 4 (pid: 27278, cores: 2)
[uWSGI] getting INI configuration from /dataspace/study/PythonPro/testFlask/conf/config.ini
*** Starting uWSGI 2.0.15 (64bit) on [Sat Sep 30 13:12:09 2017] ***
compiled with version: 4.8.5 on 29 September 2017 16:59:14
os: Linux-4.4.0-96-generic #119~14.04.1-Ubuntu SMP Wed Sep 13 08:40:48 UTC 2017
nodename: wuh
machine: x86_64
clock source: unix
detected number of CPU cores: 4
current working directory: /dataspace/study/PythonPro/testFlask/app
detected binary path: /dataspace/study/PythonPro/testFlask/venv/bin/uwsgi
!!! no internal routing support, rebuild with pcre support !!!
chdir() to /dataspace/study/PythonPro/testFlask/app
*** WARNING: you are running uWSGI without its master process manager ***
your processes number limit is 63767
your memory page size is 4096 bytes
detected max file descriptor number: 1024
lock engine: pthread robust mutexes
thunder lock: disabled (you can enable it with --thunder-lock)
uwsgi socket 0 bound to TCP address 127.0.0.1:5000 fd 3
Python version: 3.4.3 (default, Nov 17 2016, 01:12:14)  [GCC 4.8.4]
Python main interpreter initialized at 0x11682d0
python threads support enabled
your server socket listen backlog is limited to 100 connections
your mercy for graceful operations on workers is 60 seconds
mapped 561664 bytes (548 KB) for 8 cores
*** Operational MODE: preforking+threaded ***
__init__ is call
WSGI app 0 (mountpoint='') ready in 0 seconds on interpreter 0x11682d0 pid: 27315 (default app)
*** uWSGI is running in multiple interpreter mode ***
spawned uWSGI worker 1 (pid: 27315, cores: 2)
spawned uWSGI worker 2 (pid: 27320, cores: 2)
spawned uWSGI worker 3 (pid: 27321, cores: 2)
spawned uWSGI worker 4 (pid: 27322, cores: 2)
[uWSGI] getting INI configuration from /dataspace/study/PythonPro/testFlask/conf/config.ini
*** Starting uWSGI 2.0.15 (64bit) on [Sat Sep 30 15:56:24 2017] ***
compiled with version: 4.8.5 on 29 September 2017 16:59:14
os: Linux-4.4.0-96-generic #119~14.04.1-Ubuntu SMP Wed Sep 13 08:40:48 UTC 2017
nodename: wuh
machine: x86_64
clock source: unix
detected number of CPU cores: 4
current working directory: /dataspace/study/PythonPro/testFlask/app
detected binary path: /dataspace/study/PythonPro/testFlask/venv/bin/uwsgi
!!! no internal routing support, rebuild with pcre support !!!
chdir() to /dataspace/study/PythonPro/testFlask/app
*** WARNING: you are running uWSGI without its master process manager ***
your processes number limit is 63767
your memory page size is 4096 bytes
detected max file descriptor number: 1024
lock engine: pthread robust mutexes
thunder lock: disabled (you can enable it with --thunder-lock)
uwsgi socket 0 bound to TCP address 127.0.0.1:5000 fd 3
Python version: 3.4.3 (default, Nov 17 2016, 01:12:14)  [GCC 4.8.4]
Python main interpreter initialized at 0x25bc2d0
python threads support enabled
your server socket listen backlog is limited to 100 connections
your mercy for graceful operations on workers is 60 seconds
mapped 561664 bytes (548 KB) for 8 cores
*** Operational MODE: preforking+threaded ***
__init__ is call
WSGI app 0 (mountpoint='') ready in 0 seconds on interpreter 0x25bc2d0 pid: 28312 (default app)
*** uWSGI is running in multiple interpreter mode ***
spawned uWSGI worker 1 (pid: 28312, cores: 2)
spawned uWSGI worker 2 (pid: 28314, cores: 2)
spawned uWSGI worker 3 (pid: 28315, cores: 2)
spawned uWSGI worker 4 (pid: 28316, cores: 2)
[uWSGI] getting INI configuration from /dataspace/study/PythonPro/testFlask/conf/config.ini
*** Starting uWSGI 2.0.15 (64bit) on [Sat Sep 30 15:58:32 2017] ***
compiled with version: 4.8.5 on 29 September 2017 16:59:14
os: Linux-4.4.0-96-generic #119~14.04.1-Ubuntu SMP Wed Sep 13 08:40:48 UTC 2017
nodename: wuh
machine: x86_64
clock source: unix
detected number of CPU cores: 4
current working directory: /dataspace/study/PythonPro/testFlask/app
detected binary path: /dataspace/study/PythonPro/testFlask/venv/bin/uwsgi
!!! no internal routing support, rebuild with pcre support !!!
chdir() to /dataspace/study/PythonPro/testFlask/app
*** WARNING: you are running uWSGI without its master process manager ***
your processes number limit is 63767
your memory page size is 4096 bytes
detected max file descriptor number: 1024
lock engine: pthread robust mutexes
thunder lock: disabled (you can enable it with --thunder-lock)
uwsgi socket 0 bound to TCP address 127.0.0.1:5000 fd 3
Python version: 3.4.3 (default, Nov 17 2016, 01:12:14)  [GCC 4.8.4]
Python main interpreter initialized at 0x15dd0d0
python threads support enabled
your server socket listen backlog is limited to 100 connections
your mercy for graceful operations on workers is 60 seconds
mapped 561664 bytes (548 KB) for 8 cores
*** Operational MODE: preforking+threaded ***
__init__ is call
WSGI app 0 (mountpoint='') ready in 0 seconds on interpreter 0x15dd0d0 pid: 1834 (default app)
*** uWSGI is running in multiple interpreter mode ***
spawned uWSGI worker 1 (pid: 1834, cores: 2)
spawned uWSGI worker 2 (pid: 2087, cores: 2)
spawned uWSGI worker 3 (pid: 2088, cores: 2)
spawned uWSGI worker 4 (pid: 2089, cores: 2)
[uWSGI] getting INI configuration from /dataspace/study/PythonPro/testFlask/conf/config.ini
*** Starting uWSGI 2.0.15 (64bit) on [Sat Sep 30 16:38:42 2017] ***
compiled with version: 4.8.5 on 29 September 2017 16:59:14
os: Linux-4.4.0-96-generic #119~14.04.1-Ubuntu SMP Wed Sep 13 08:40:48 UTC 2017
nodename: wuh
machine: x86_64
clock source: unix
detected number of CPU cores: 4
current working directory: /dataspace/study/PythonPro/testFlask/app
detected binary path: /dataspace/study/PythonPro/testFlask/venv/bin/uwsgi
!!! no internal routing support, rebuild with pcre support !!!
chdir() to /dataspace/study/PythonPro/testFlask/app
*** WARNING: you are running uWSGI without its master process manager ***
your processes number limit is 63767
your memory page size is 4096 bytes
detected max file descriptor number: 1024
lock engine: pthread robust mutexes
thunder lock: disabled (you can enable it with --thunder-lock)
uwsgi socket 0 bound to TCP address 127.0.0.1:8000 fd 3
Python version: 3.4.3 (default, Nov 17 2016, 01:12:14)  [GCC 4.8.4]
Python main interpreter initialized at 0xb2a0d0
python threads support enabled
your server socket listen backlog is limited to 100 connections
your mercy for graceful operations on workers is 60 seconds
mapped 561664 bytes (548 KB) for 8 cores
*** Operational MODE: preforking+threaded ***
__init__ is call
WSGI app 0 (mountpoint='') ready in 0 seconds on interpreter 0xb2a0d0 pid: 4205 (default app)
*** uWSGI is running in multiple interpreter mode ***
spawned uWSGI worker 1 (pid: 4205, cores: 2)
spawned uWSGI worker 2 (pid: 4208, cores: 2)
spawned uWSGI worker 3 (pid: 4209, cores: 2)
spawned uWSGI worker 4 (pid: 4210, cores: 2)
[uWSGI] getting INI configuration from /dataspace/study/PythonPro/testFlask/conf/config.ini
*** Starting uWSGI 2.0.15 (64bit) on [Sat Sep 30 16:39:02 2017] ***
compiled with version: 4.8.5 on 29 September 2017 16:59:14
os: Linux-4.4.0-96-generic #119~14.04.1-Ubuntu SMP Wed Sep 13 08:40:48 UTC 2017
nodename: wuh
machine: x86_64
clock source: unix
detected number of CPU cores: 4
current working directory: /dataspace/study/PythonPro/testFlask/app
detected binary path: /dataspace/study/PythonPro/testFlask/venv/bin/uwsgi
!!! no internal routing support, rebuild with pcre support !!!
chdir() to /dataspace/study/PythonPro/testFlask/app
*** WARNING: you are running uWSGI without its master process manager ***
your processes number limit is 63767
your memory page size is 4096 bytes
detected max file descriptor number: 1024
lock engine: pthread robust mutexes
thunder lock: disabled (you can enable it with --thunder-lock)
uwsgi socket 0 bound to TCP address 127.0.0.1:8000 fd 3
Python version: 3.4.3 (default, Nov 17 2016, 01:12:14)  [GCC 4.8.4]
Python main interpreter initialized at 0x18200d0
python threads support enabled
your server socket listen backlog is limited to 100 connections
your mercy for graceful operations on workers is 60 seconds
mapped 561664 bytes (548 KB) for 8 cores
*** Operational MODE: preforking+threaded ***
__init__ is call
WSGI app 0 (mountpoint='') ready in 0 seconds on interpreter 0x18200d0 pid: 4227 (default app)
*** uWSGI is running in multiple interpreter mode ***
spawned uWSGI worker 1 (pid: 4227, cores: 2)
spawned uWSGI worker 2 (pid: 4230, cores: 2)
spawned uWSGI worker 3 (pid: 4231, cores: 2)
spawned uWSGI worker 4 (pid: 4232, cores: 2)
[uWSGI] getting INI configuration from /dataspace/study/PythonPro/testFlask/conf/config.ini
*** Starting uWSGI 2.0.15 (64bit) on [Sat Sep 30 16:42:32 2017] ***
compiled with version: 4.8.5 on 29 September 2017 16:59:14
os: Linux-4.4.0-96-generic #119~14.04.1-Ubuntu SMP Wed Sep 13 08:40:48 UTC 2017
nodename: wuh
machine: x86_64
clock source: unix
detected number of CPU cores: 4
current working directory: /dataspace/study/PythonPro/testFlask/app
detected binary path: /dataspace/study/PythonPro/testFlask/venv/bin/uwsgi
!!! no internal routing support, rebuild with pcre support !!!
chdir() to /dataspace/study/PythonPro/testFlask/app
*** WARNING: you are running uWSGI without its master process manager ***
your processes number limit is 63767
your memory page size is 4096 bytes
detected max file descriptor number: 1024
lock engine: pthread robust mutexes
thunder lock: disabled (you can enable it with --thunder-lock)
probably another instance of uWSGI is running on the same address (127.0.0.1:8000).
bind(): Address already in use [core/socket.c line 769]
[uWSGI] getting INI configuration from /dataspace/study/PythonPro/testFlask/conf/config.ini
*** Starting uWSGI 2.0.15 (64bit) on [Sat Sep 30 16:42:33 2017] ***
compiled with version: 4.8.5 on 29 September 2017 16:59:14
os: Linux-4.4.0-96-generic #119~14.04.1-Ubuntu SMP Wed Sep 13 08:40:48 UTC 2017
nodename: wuh
machine: x86_64
clock source: unix
detected number of CPU cores: 4
current working directory: /dataspace/study/PythonPro/testFlask/app
detected binary path: /dataspace/study/PythonPro/testFlask/venv/bin/uwsgi
!!! no internal routing support, rebuild with pcre support !!!
chdir() to /dataspace/study/PythonPro/testFlask/app
*** WARNING: you are running uWSGI without its master process manager ***
your processes number limit is 63767
your memory page size is 4096 bytes
detected max file descriptor number: 1024
lock engine: pthread robust mutexes
thunder lock: disabled (you can enable it with --thunder-lock)
probably another instance of uWSGI is running on the same address (127.0.0.1:8000).
bind(): Address already in use [core/socket.c line 769]
[uWSGI] getting INI configuration from /dataspace/study/PythonPro/testFlask/conf/config.ini
*** Starting uWSGI 2.0.15 (64bit) on [Sat Sep 30 16:42:35 2017] ***
compiled with version: 4.8.5 on 29 September 2017 16:59:14
os: Linux-4.4.0-96-generic #119~14.04.1-Ubuntu SMP Wed Sep 13 08:40:48 UTC 2017
nodename: wuh
machine: x86_64
clock source: unix
detected number of CPU cores: 4
current working directory: /dataspace/study/PythonPro/testFlask/app
detected binary path: /dataspace/study/PythonPro/testFlask/venv/bin/uwsgi
!!! no internal routing support, rebuild with pcre support !!!
chdir() to /dataspace/study/PythonPro/testFlask/app
*** WARNING: you are running uWSGI without its master process manager ***
your processes number limit is 63767
your memory page size is 4096 bytes
detected max file descriptor number: 1024
lock engine: pthread robust mutexes
thunder lock: disabled (you can enable it with --thunder-lock)
probably another instance of uWSGI is running on the same address (127.0.0.1:8000).
bind(): Address already in use [core/socket.c line 769]
[uWSGI] getting INI configuration from /dataspace/study/PythonPro/testFlask/conf/config.ini
*** Starting uWSGI 2.0.15 (64bit) on [Sat Sep 30 16:42:38 2017] ***
compiled with version: 4.8.5 on 29 September 2017 16:59:14
os: Linux-4.4.0-96-generic #119~14.04.1-Ubuntu SMP Wed Sep 13 08:40:48 UTC 2017
nodename: wuh
machine: x86_64
clock source: unix
detected number of CPU cores: 4
current working directory: /dataspace/study/PythonPro/testFlask/app
detected binary path: /dataspace/study/PythonPro/testFlask/venv/bin/uwsgi
!!! no internal routing support, rebuild with pcre support !!!
chdir() to /dataspace/study/PythonPro/testFlask/app
*** WARNING: you are running uWSGI without its master process manager ***
your processes number limit is 63767
your memory page size is 4096 bytes
detected max file descriptor number: 1024
lock engine: pthread robust mutexes
thunder lock: disabled (you can enable it with --thunder-lock)
probably another instance of uWSGI is running on the same address (127.0.0.1:8000).
bind(): Address already in use [core/socket.c line 769]
