*** Starting uWSGI 2.0.15 (64bit) on [Sat Sep 30 12:30:13 2017] ***
compiled with version: 4.8.5 on 29 September 2017 16:59:14
os: Linux-4.4.0-96-generic #119~14.04.1-Ubuntu SMP Wed Sep 13 08:40:48 UTC 2017
nodename: wuh
machine: x86_64
clock source: unix
detected number of CPU cores: 4
current working directory: /dataspace/study/PythonPro/testFlask
detected binary path: /dataspace/study/PythonPro/testFlask/venv/bin/uwsgi
!!! no internal routing support, rebuild with pcre support !!!
chdir() to /dataspace/study/PythonPro/testFlask/app
*** WARNING: you are running uWSGI without its master process manager ***
your processes number limit is 63767
your memory page size is 4096 bytes
detected max file descriptor number: 1024
lock engine: pthread robust mutexes
thunder lock: disabled (you can enable it with --thunder-lock)
uWSGI http bound on :5000 fd 3
spawned uWSGI http 1 (pid: 26201)
probably another instance of uWSGI is running on the same address (127.0.0.1:5000).
bind(): Address already in use [core/socket.c line 769]
*** Starting uWSGI 2.0.15 (64bit) on [Sat Sep 30 12:31:07 2017] ***
compiled with version: 4.8.5 on 29 September 2017 16:59:14
os: Linux-4.4.0-96-generic #119~14.04.1-Ubuntu SMP Wed Sep 13 08:40:48 UTC 2017
nodename: wuh
machine: x86_64
clock source: unix
detected number of CPU cores: 4
current working directory: /dataspace/study/PythonPro/testFlask
detected binary path: /dataspace/study/PythonPro/testFlask/venv/bin/uwsgi
!!! no internal routing support, rebuild with pcre support !!!
chdir() to /dataspace/study/PythonPro/testFlask/app
*** WARNING: you are running uWSGI without its master process manager ***
your processes number limit is 63767
your memory page size is 4096 bytes
detected max file descriptor number: 1024
lock engine: pthread robust mutexes
thunder lock: disabled (you can enable it with --thunder-lock)
uwsgi socket 0 bound to TCP address 127.0.0.1:5000 fd 3
Python version: 3.4.3 (default, Nov 17 2016, 01:12:14)  [GCC 4.8.4]
Python main interpreter initialized at 0x1d1ea70
python threads support enabled
your server socket listen backlog is limited to 100 connections
your mercy for graceful operations on workers is 60 seconds
mapped 561664 bytes (548 KB) for 8 cores
*** Operational MODE: preforking+threaded ***
__init__ is call
WSGI app 0 (mountpoint='') ready in 0 seconds on interpreter 0x1d1ea70 pid: 26214 (default app)
*** uWSGI is running in multiple interpreter mode ***
spawned uWSGI worker 1 (pid: 26214, cores: 2)
spawned uWSGI worker 2 (pid: 26216, cores: 2)
spawned uWSGI worker 3 (pid: 26217, cores: 2)
spawned uWSGI worker 4 (pid: 26218, cores: 2)
uwsgi_proto_uwsgi_parser(): Inappropriate ioctl for device [proto/uwsgi.c line 40]
*** Starting uWSGI 2.0.15 (64bit) on [Sat Sep 30 12:32:08 2017] ***
compiled with version: 4.8.5 on 29 September 2017 16:59:14
os: Linux-4.4.0-96-generic #119~14.04.1-Ubuntu SMP Wed Sep 13 08:40:48 UTC 2017
nodename: wuh
machine: x86_64
clock source: unix
detected number of CPU cores: 4
current working directory: /dataspace/study/PythonPro/testFlask
detected binary path: /dataspace/study/PythonPro/testFlask/venv/bin/uwsgi
!!! no internal routing support, rebuild with pcre support !!!
chdir() to /dataspace/study/PythonPro/testFlask/app
*** WARNING: you are running uWSGI without its master process manager ***
your processes number limit is 63767
your memory page size is 4096 bytes
detected max file descriptor number: 1024
lock engine: pthread robust mutexes
thunder lock: disabled (you can enable it with --thunder-lock)
uwsgi socket 0 bound to TCP address 127.0.0.1:5000 fd 3
Python version: 3.4.3 (default, Nov 17 2016, 01:12:14)  [GCC 4.8.4]
Python main interpreter initialized at 0x271ca70
python threads support enabled
your server socket listen backlog is limited to 100 connections
your mercy for graceful operations on workers is 60 seconds
mapped 561664 bytes (548 KB) for 8 cores
*** Operational MODE: preforking+threaded ***
__init__ is call
WSGI app 0 (mountpoint='') ready in 0 seconds on interpreter 0x271ca70 pid: 26259 (default app)
*** uWSGI is running in multiple interpreter mode ***
spawned uWSGI worker 1 (pid: 26259, cores: 2)
spawned uWSGI worker 2 (pid: 26261, cores: 2)
spawned uWSGI worker 3 (pid: 26262, cores: 2)
spawned uWSGI worker 4 (pid: 26263, cores: 2)
*** Starting uWSGI 2.0.15 (64bit) on [Sat Sep 30 12:32:49 2017] ***
compiled with version: 4.8.5 on 29 September 2017 16:59:14
os: Linux-4.4.0-96-generic #119~14.04.1-Ubuntu SMP Wed Sep 13 08:40:48 UTC 2017
nodename: wuh
machine: x86_64
clock source: unix
detected number of CPU cores: 4
current working directory: /dataspace/study/PythonPro/testFlask/app
detected binary path: /dataspace/study/PythonPro/testFlask/venv/bin/uwsgi
!!! no internal routing support, rebuild with pcre support !!!
chdir() to /dataspace/study/PythonPro/testFlask/app
*** WARNING: you are running uWSGI without its master process manager ***
your processes number limit is 63767
your memory page size is 4096 bytes
detected max file descriptor number: 1024
lock engine: pthread robust mutexes
thunder lock: disabled (you can enable it with --thunder-lock)
probably another instance of uWSGI is running on the same address (127.0.0.1:5000).
bind(): Address already in use [core/socket.c line 769]
*** Starting uWSGI 2.0.15 (64bit) on [Sat Sep 30 12:32:50 2017] ***
compiled with version: 4.8.5 on 29 September 2017 16:59:14
os: Linux-4.4.0-96-generic #119~14.04.1-Ubuntu SMP Wed Sep 13 08:40:48 UTC 2017
nodename: wuh
machine: x86_64
clock source: unix
detected number of CPU cores: 4
current working directory: /dataspace/study/PythonPro/testFlask/app
detected binary path: /dataspace/study/PythonPro/testFlask/venv/bin/uwsgi
!!! no internal routing support, rebuild with pcre support !!!
chdir() to /dataspace/study/PythonPro/testFlask/app
*** WARNING: you are running uWSGI without its master process manager ***
your processes number limit is 63767
your memory page size is 4096 bytes
detected max file descriptor number: 1024
lock engine: pthread robust mutexes
thunder lock: disabled (you can enable it with --thunder-lock)
probably another instance of uWSGI is running on the same address (127.0.0.1:5000).
bind(): Address already in use [core/socket.c line 769]
*** Starting uWSGI 2.0.15 (64bit) on [Sat Sep 30 12:32:52 2017] ***
compiled with version: 4.8.5 on 29 September 2017 16:59:14
os: Linux-4.4.0-96-generic #119~14.04.1-Ubuntu SMP Wed Sep 13 08:40:48 UTC 2017
nodename: wuh
machine: x86_64
clock source: unix
detected number of CPU cores: 4
current working directory: /dataspace/study/PythonPro/testFlask/app
detected binary path: /dataspace/study/PythonPro/testFlask/venv/bin/uwsgi
!!! no internal routing support, rebuild with pcre support !!!
chdir() to /dataspace/study/PythonPro/testFlask/app
*** WARNING: you are running uWSGI without its master process manager ***
your processes number limit is 63767
your memory page size is 4096 bytes
detected max file descriptor number: 1024
lock engine: pthread robust mutexes
thunder lock: disabled (you can enable it with --thunder-lock)
probably another instance of uWSGI is running on the same address (127.0.0.1:5000).
bind(): Address already in use [core/socket.c line 769]
*** Starting uWSGI 2.0.15 (64bit) on [Sat Sep 30 12:32:55 2017] ***
compiled with version: 4.8.5 on 29 September 2017 16:59:14
os: Linux-4.4.0-96-generic #119~14.04.1-Ubuntu SMP Wed Sep 13 08:40:48 UTC 2017
nodename: wuh
machine: x86_64
clock source: unix
detected number of CPU cores: 4
current working directory: /dataspace/study/PythonPro/testFlask/app
detected binary path: /dataspace/study/PythonPro/testFlask/venv/bin/uwsgi
!!! no internal routing support, rebuild with pcre support !!!
chdir() to /dataspace/study/PythonPro/testFlask/app
*** WARNING: you are running uWSGI without its master process manager ***
your processes number limit is 63767
your memory page size is 4096 bytes
detected max file descriptor number: 1024
lock engine: pthread robust mutexes
thunder lock: disabled (you can enable it with --thunder-lock)
probably another instance of uWSGI is running on the same address (127.0.0.1:5000).
bind(): Address already in use [core/socket.c line 769]
*** Starting uWSGI 2.0.15 (64bit) on [Sat Sep 30 12:33:17 2017] ***
compiled with version: 4.8.5 on 29 September 2017 16:59:14
os: Linux-4.4.0-96-generic #119~14.04.1-Ubuntu SMP Wed Sep 13 08:40:48 UTC 2017
nodename: wuh
machine: x86_64
clock source: unix
detected number of CPU cores: 4
current working directory: /dataspace/study/PythonPro/testFlask/app
detected binary path: /dataspace/study/PythonPro/testFlask/venv/bin/uwsgi
!!! no internal routing support, rebuild with pcre support !!!
chdir() to /dataspace/study/PythonPro/testFlask/app
*** WARNING: you are running uWSGI without its master process manager ***
your processes number limit is 63767
your memory page size is 4096 bytes
detected max file descriptor number: 1024
lock engine: pthread robust mutexes
thunder lock: disabled (you can enable it with --thunder-lock)
probably another instance of uWSGI is running on the same address (127.0.0.1:5000).
bind(): Address already in use [core/socket.c line 769]
*** Starting uWSGI 2.0.15 (64bit) on [Sat Sep 30 12:33:18 2017] ***
compiled with version: 4.8.5 on 29 September 2017 16:59:14
os: Linux-4.4.0-96-generic #119~14.04.1-Ubuntu SMP Wed Sep 13 08:40:48 UTC 2017
nodename: wuh
machine: x86_64
clock source: unix
detected number of CPU cores: 4
current working directory: /dataspace/study/PythonPro/testFlask/app
detected binary path: /dataspace/study/PythonPro/testFlask/venv/bin/uwsgi
!!! no internal routing support, rebuild with pcre support !!!
chdir() to /dataspace/study/PythonPro/testFlask/app
*** WARNING: you are running uWSGI without its master process manager ***
your processes number limit is 63767
your memory page size is 4096 bytes
detected max file descriptor number: 1024
lock engine: pthread robust mutexes
thunder lock: disabled (you can enable it with --thunder-lock)
probably another instance of uWSGI is running on the same address (127.0.0.1:5000).
bind(): Address already in use [core/socket.c line 769]
*** Starting uWSGI 2.0.15 (64bit) on [Sat Sep 30 12:33:20 2017] ***
compiled with version: 4.8.5 on 29 September 2017 16:59:14
os: Linux-4.4.0-96-generic #119~14.04.1-Ubuntu SMP Wed Sep 13 08:40:48 UTC 2017
nodename: wuh
machine: x86_64
clock source: unix
detected number of CPU cores: 4
current working directory: /dataspace/study/PythonPro/testFlask/app
detected binary path: /dataspace/study/PythonPro/testFlask/venv/bin/uwsgi
!!! no internal routing support, rebuild with pcre support !!!
chdir() to /dataspace/study/PythonPro/testFlask/app
*** WARNING: you are running uWSGI without its master process manager ***
your processes number limit is 63767
your memory page size is 4096 bytes
detected max file descriptor number: 1024
lock engine: pthread robust mutexes
thunder lock: disabled (you can enable it with --thunder-lock)
probably another instance of uWSGI is running on the same address (127.0.0.1:5000).
bind(): Address already in use [core/socket.c line 769]
*** Starting uWSGI 2.0.15 (64bit) on [Sat Sep 30 12:33:23 2017] ***
compiled with version: 4.8.5 on 29 September 2017 16:59:14
os: Linux-4.4.0-96-generic #119~14.04.1-Ubuntu SMP Wed Sep 13 08:40:48 UTC 2017
nodename: wuh
machine: x86_64
clock source: unix
detected number of CPU cores: 4
current working directory: /dataspace/study/PythonPro/testFlask/app
detected binary path: /dataspace/study/PythonPro/testFlask/venv/bin/uwsgi
!!! no internal routing support, rebuild with pcre support !!!
chdir() to /dataspace/study/PythonPro/testFlask/app
*** WARNING: you are running uWSGI without its master process manager ***
your processes number limit is 63767
your memory page size is 4096 bytes
detected max file descriptor number: 1024
lock engine: pthread robust mutexes
thunder lock: disabled (you can enable it with --thunder-lock)
probably another instance of uWSGI is running on the same address (127.0.0.1:5000).
bind(): Address already in use [core/socket.c line 769]
uwsgi_proto_uwsgi_parser(): Resource temporarily unavailable [proto/uwsgi.c line 40]
uwsgi_proto_uwsgi_parser(): Resource temporarily unavailable [proto/uwsgi.c line 40]
uwsgi_proto_uwsgi_parser(): Resource temporarily unavailable [proto/uwsgi.c line 40]
